Arguments: 
  E:\node\node.exe C:\Users\mayn\AppData\Roaming\npm\node_modules\yarn\bin\yarn.js add @type/react-dom

PATH: 
  C:\Python38\Scripts\;C:\Python38\;E:\python\;E:\python\Scripts;C:\Program Files (x86)\Common Files\Oracle\Java\javapath;C:\ProgramData\Oracle\Java\javapath;C:\WINDOWS\system32;C:\WINDOWS;C:\WINDOWS\System32\Wbem;C:\WINDOWS\System32\WindowsPowerShell\v1.0\;C:\WINDOWS\System32\OpenSSH\;C:\ProgramData\chocolatey\bin;E:\node\;C:\Users\mayn\AppData\Local\Microsoft\WindowsApps;d:\Users\mayn\AppData\Local\Programs\Microsoft VS Code\bin;C:\Users\mayn\AppData\Local\BypassRuntm;C:\Users\mayn\AppData\Local\GitHubDesktop\bin;C:\Users\mayn\AppData\Local\Microsoft\WindowsApps;C:\Users\mayn\AppData\Roaming\npm

Yarn version: 
  1.22.10

Node version: 
  14.16.0

Platform: 
  win32 x64

Trace: 
  Error: https://registry.yarnpkg.com/@type%2freact-dom: Not found
      at Request.params.callback [as _callback] (C:\Users\mayn\AppData\Roaming\npm\node_modules\yarn\lib\cli.js:66988:18)
      at Request.self.callback (C:\Users\mayn\AppData\Roaming\npm\node_modules\yarn\lib\cli.js:140662:22)
      at Request.emit (events.js:315:20)
      at Request.<anonymous> (C:\Users\mayn\AppData\Roaming\npm\node_modules\yarn\lib\cli.js:141634:10)
      at Request.emit (events.js:315:20)
      at IncomingMessage.<anonymous> (C:\Users\mayn\AppData\Roaming\npm\node_modules\yarn\lib\cli.js:141556:12)
      at Object.onceWrapper (events.js:421:28)
      at IncomingMessage.emit (events.js:327:22)
      at endReadableNT (internal/streams/readable.js:1327:12)
      at processTicksAndRejections (internal/process/task_queues.js:80:21)

npm manifest: 
  {
    "name": "dragcomponents",
    "version": "0.0.0",
    "scripts": {
      "dev": "vite",
      "build": "tsc && vite build",
      "serve": "vite preview"
    },
    "dependencies": {
      "react": "^17.0.0",
      "react-dom": "^17.0.0"
    },
    "devDependencies": {
      "@types/react": "^17.0.0",
      "@types/react-dom": "^17.0.0",
      "@vitejs/plugin-react-refresh": "^1.3.1",
      "typescript": "^4.1.2",
      "vite": "^2.3.3"
    }
  }

yarn manifest: 
  No manifest

Lockfile: 
  No lockfile
